<?xml version="1.0" encoding="UTF-8"?>
<testsuite xmlns:xsi="http://www.w3.org/2001/XMLSchema-instance" xsi:noNamespaceSchemaLocation="https://maven.apache.org/surefire/maven-surefire-plugin/xsd/surefire-test-report.xsd" name="one.traction.testapp.AppTest" time="0.071" tests="2" errors="0" skipped="0" failures="0">
  <properties>
    <property name="sun.desktop" value="gnome"/>
    <property name="awt.toolkit" value="sun.awt.X11.XToolkit"/>
    <property name="java.specification.version" value="11"/>
    <property name="sun.cpu.isalist" value=""/>
    <property name="sun.jnu.encoding" value="UTF-8"/>
    <property name="java.class.path" value="/home/traction/Desktop/Spring AU/test-app/target/test-classes:/home/traction/Desktop/Spring AU/test-app/target/classes:/home/traction/.m2/repository/junit/junit/4.11/junit-4.11.jar:/home/traction/.m2/repository/org/hamcrest/hamcrest-core/1.3/hamcrest-core-1.3.jar:/home/traction/.m2/repository/org/springframework/spring-context/4.1.4.RELEASE/spring-context-4.1.4.RELEASE.jar:/home/traction/.m2/repository/org/springframework/spring-beans/4.1.4.RELEASE/spring-beans-4.1.4.RELEASE.jar:/home/traction/.m2/repository/org/springframework/spring-core/4.1.4.RELEASE/spring-core-4.1.4.RELEASE.jar:/home/traction/.m2/repository/commons-logging/commons-logging/1.2/commons-logging-1.2.jar:/home/traction/.m2/repository/org/springframework/spring-expression/4.1.4.RELEASE/spring-expression-4.1.4.RELEASE.jar:/home/traction/.m2/repository/org/springframework/spring-context-support/4.1.4.RELEASE/spring-context-support-4.1.4.RELEASE.jar:/home/traction/.m2/repository/org/springframework/spring-aop/4.1.4.RELEASE/spring-aop-4.1.4.RELEASE.jar:/home/traction/.m2/repository/aopalliance/aopalliance/1.0/aopalliance-1.0.jar:/home/traction/.m2/repository/org/aspectj/aspectjrt/1.6.11/aspectjrt-1.6.11.jar:/home/traction/.m2/repository/org/aspectj/aspectjweaver/1.6.11/aspectjweaver-1.6.11.jar:"/>
    <property name="java.vm.vendor" value="Debian"/>
    <property name="sun.arch.data.model" value="64"/>
    <property name="swing.aatext" value="true"/>
    <property name="java.vendor.url" value="https://tracker.debian.org/openjdk-11"/>
    <property name="user.timezone" value=""/>
    <property name="java.vm.specification.version" value="11"/>
    <property name="os.name" value="Linux"/>
    <property name="sun.java.launcher" value="SUN_STANDARD"/>
    <property name="user.country" value="US"/>
    <property name="sun.boot.library.path" value="/usr/lib/jvm/java-11-openjdk-amd64/lib"/>
    <property name="sun.java.command" value="/home/traction/Desktop/Spring AU/test-app/target/surefire/surefirebooter15539935979394121524.jar /home/traction/Desktop/Spring AU/test-app/target/surefire 2020-01-30T12-22-18_304-jvmRun1 surefire15545521187787318707tmp surefire_017442663818442846387tmp"/>
    <property name="jdk.debug" value="release"/>
    <property name="surefire.test.class.path" value="/home/traction/Desktop/Spring AU/test-app/target/test-classes:/home/traction/Desktop/Spring AU/test-app/target/classes:/home/traction/.m2/repository/junit/junit/4.11/junit-4.11.jar:/home/traction/.m2/repository/org/hamcrest/hamcrest-core/1.3/hamcrest-core-1.3.jar:/home/traction/.m2/repository/org/springframework/spring-context/4.1.4.RELEASE/spring-context-4.1.4.RELEASE.jar:/home/traction/.m2/repository/org/springframework/spring-beans/4.1.4.RELEASE/spring-beans-4.1.4.RELEASE.jar:/home/traction/.m2/repository/org/springframework/spring-core/4.1.4.RELEASE/spring-core-4.1.4.RELEASE.jar:/home/traction/.m2/repository/commons-logging/commons-logging/1.2/commons-logging-1.2.jar:/home/traction/.m2/repository/org/springframework/spring-expression/4.1.4.RELEASE/spring-expression-4.1.4.RELEASE.jar:/home/traction/.m2/repository/org/springframework/spring-context-support/4.1.4.RELEASE/spring-context-support-4.1.4.RELEASE.jar:/home/traction/.m2/repository/org/springframework/spring-aop/4.1.4.RELEASE/spring-aop-4.1.4.RELEASE.jar:/home/traction/.m2/repository/aopalliance/aopalliance/1.0/aopalliance-1.0.jar:/home/traction/.m2/repository/org/aspectj/aspectjrt/1.6.11/aspectjrt-1.6.11.jar:/home/traction/.m2/repository/org/aspectj/aspectjweaver/1.6.11/aspectjweaver-1.6.11.jar:"/>
    <property name="sun.cpu.endian" value="little"/>
    <property name="user.home" value="/home/traction"/>
    <property name="user.language" value="en"/>
    <property name="java.specification.vendor" value="Oracle Corporation"/>
    <property name="java.version.date" value="2020-01-14"/>
    <property name="java.home" value="/usr/lib/jvm/java-11-openjdk-amd64"/>
    <property name="file.separator" value="/"/>
    <property name="basedir" value="/home/traction/Desktop/Spring AU/test-app"/>
    <property name="java.vm.compressedOopsMode" value="32-bit"/>
    <property name="line.separator" value="&#10;"/>
    <property name="java.specification.name" value="Java Platform API Specification"/>
    <property name="java.vm.specification.vendor" value="Oracle Corporation"/>
    <property name="java.awt.graphicsenv" value="sun.awt.X11GraphicsEnvironment"/>
    <property name="surefire.real.class.path" value="/home/traction/Desktop/Spring AU/test-app/target/surefire/surefirebooter15539935979394121524.jar"/>
    <property name="awt.useSystemAAFontSettings" value="on"/>
    <property name="sun.management.compiler" value="HotSpot 64-Bit Tiered Compilers"/>
    <property name="java.runtime.version" value="11.0.6+10-post-Debian-1"/>
    <property name="user.name" value="traction"/>
    <property name="path.separator" value=":"/>
    <property name="os.version" value="5.4.0-kali2-amd64"/>
    <property name="java.runtime.name" value="OpenJDK Runtime Environment"/>
    <property name="file.encoding" value="UTF-8"/>
    <property name="java.vm.name" value="OpenJDK 64-Bit Server VM"/>
    <property name="localRepository" value="/home/traction/.m2/repository"/>
    <property name="java.vendor.url.bug" value="https://bugs.debian.org/openjdk-11"/>
    <property name="java.io.tmpdir" value="/tmp"/>
    <property name="java.version" value="11.0.6"/>
    <property name="user.dir" value="/home/traction/Desktop/Spring AU/test-app"/>
    <property name="os.arch" value="amd64"/>
    <property name="java.vm.specification.name" value="Java Virtual Machine Specification"/>
    <property name="java.awt.printerjob" value="sun.print.PSPrinterJob"/>
    <property name="sun.os.patch.level" value="unknown"/>
    <property name="java.library.path" value="/usr/java/packages/lib:/usr/lib/x86_64-linux-gnu/jni:/lib/x86_64-linux-gnu:/usr/lib/x86_64-linux-gnu:/usr/lib/jni:/lib:/usr/lib"/>
    <property name="java.vendor" value="Debian"/>
    <property name="java.vm.info" value="mixed mode, sharing"/>
    <property name="java.vm.version" value="11.0.6+10-post-Debian-1"/>
    <property name="sun.io.unicode.encoding" value="UnicodeLittle"/>
    <property name="java.class.version" value="55.0"/>
  </properties>
  <testcase name="stringsShouldBeEqual" classname="one.traction.testapp.AppTest" time="0.003"/>
  <testcase name="shouldAnswerWithTrue" classname="one.traction.testapp.AppTest" time="0"/>
</testsuite>